MemTotal:        3690892 kB
# dmidecode 3.2
Getting SMBIOS data from sysfs.
SMBIOS 3.3.0 present.
# SMBIOS implementations newer than version 3.2.0 are not
# fully supported by this version of dmidecode.

Handle 0x0039, DMI type 16, 23 bytes
Physical Memory Array
	Location: System Board Or Motherboard
	Use: System Memory
	Error Correction Type: None
	Maximum Capacity: 32 GB
	Error Information Handle: Not Provided
	Number Of Devices: 2

Handle 0x003A, DMI type 17, 92 bytes
Memory Device
	Array Handle: 0x0039
	Error Information Handle: Not Provided
	Total Width: Unknown
	Data Width: Unknown
	Size: No Module Installed
	Form Factor: Unknown
	Set: None
	Locator: Controller0-ChannelA-DIMM0
	Bank Locator: BANK 0
	Type: Unknown
	Type Detail: None
	Speed: Unknown
	Manufacturer: Not Specified
	Serial Number: Not Specified
	Asset Tag: Not Specified
	Part Number: Not Specified
	Rank: Unknown
	Configured Memory Speed: Unknown
	Minimum Voltage: Unknown
	Maximum Voltage: Unknown
	Configured Voltage: Unknown
	Memory Technology: <OUT OF SPEC>
	Memory Operating Mode Capability: None
	Firmware Version: Not Specified
	Module Manufacturer ID: Unknown
	Module Product ID: Unknown
	Memory Subsystem Controller Manufacturer ID: Unknown
	Memory Subsystem Controller Product ID: Unknown
	Non-Volatile Size: None
	Volatile Size: None
	Cache Size: None
	Logical Size: None

Handle 0x003D, DMI type 17, 92 bytes
Memory Device
	Array Handle: 0x0039
	Error Information Handle: Not Provided
	Total Width: 64 bits
	Data Width: 64 bits
	Size: 4096 MB
	Form Factor: SODIMM
	Set: None
	Locator: Controller1-ChannelA-DIMM0
	Bank Locator: BANK 0
	Type: DDR4
	Type Detail: Synchronous
	Speed: 2400 MT/s
	Manufacturer: Samsung
	Serial Number: 21643035
	Asset Tag: 9876543210
	Part Number: M471A5244CB0-CRC    
	Rank: 1
	Configured Memory Speed: 2400 MT/s
	Minimum Voltage: 1.2 V
	Maximum Voltage: 1.2 V
	Configured Voltage: 1.2 V
	Memory Technology: DRAM
	Memory Operating Mode Capability: Volatile memory
	Firmware Version: Not Specified
	Module Manufacturer ID: Bank 1, Hex 0xCE
	Module Product ID: Unknown
	Memory Subsystem Controller Manufacturer ID: Unknown
	Memory Subsystem Controller Product ID: Unknown
	Non-Volatile Size: None
	Volatile Size: 4 GB
	Cache Size: None
	Logical Size: None

